<?xml version="1.0" encoding="UTF-8"?>
<!-- Generated by org.testng.reporters.JUnitXMLReporter -->
<testsuite hostname="pc" ignored="2" name="Test" tests="4" failures="0" timestamp="2022-05-14T21:58:53 IST" time="87.627" errors="0">
  <testcase name="loginLogOutTestCase" time="13.165" classname="testCases.LoginLogoutTest"/>
  <testcase name="loginLogOutTestCase" time="2.932" classname="testCases.LoginLogoutTest"/>
  <testcase name="createLeadTestCase" time="30.408" classname="testCases.CreateLeadTest"/>
  <testcase name="createLeadTestCase" time="15.797" classname="testCases.CreateLeadTest"/>
  <testcase name="@AfterSuite stopReport" time="0.0" classname="base.BaseClass">
    <ignored/>
  </testcase> <!-- @AfterSuite stopReport -->
  <testcase name="@BeforeSuite startReport" time="0.0" classname="base.BaseClass">
    <ignored/>
  </testcase> <!-- @BeforeSuite startReport -->
</testsuite> <!-- Test -->
